  Performing full C++ include scan (building a new target)
  Creating makefile for ShieldsNShaterboltsEditor (no existing makefile)
  Building UnrealHeaderTool...
  Creating makefile for UnrealHeaderTool (no existing makefile)
  Target is up to date
  Total build time: 1.38 seconds (NoActionsToExecute executor: 0.00 seconds)
  Parsing headers for ShieldsNShaterboltsEditor
    Running UnrealHeaderTool "C:\Users\Tech\Documents\Unreal Projects\ShieldsNShaterbolts\ShieldsNShaterbolts.uproject" "C:\Users\Tech\Documents\Unreal Projects\ShieldsNShaterbolts\Intermediate\Build\Win64\ShieldsNShaterboltsEditor\Development\ShieldsNShaterboltsEditor.uhtmanifest" -LogCmds="loginit warning, logexit warning, logdatabase error" -Unattended -WarningsAsErrors
  Reflection code generated for ShieldsNShaterboltsEditor in 24.35792 seconds
  Performing 10 actions (4 in parallel)
  ShieldsNShaterboltsGameMode.gen.cpp
  ShieldsNShaterboltsProjectile.cpp
  ShieldsNShaterboltsProjectile.gen.cpp
  ShieldsNShaterbolts.init.gen.cpp
  ShieldsNShaterboltsPawn.cpp
  ShieldsNShaterbolts.cpp
  ShieldsNShaterboltsGameMode.cpp
  ShieldsNShaterboltsPawn.gen.cpp
  [9/10] Link UE4Editor-ShieldsNShaterbolts.dll
  [10/10] Link UE4Editor-ShieldsNShaterbolts.lib
     Creating library C:\Users\Tech\Documents\Unreal Projects\ShieldsNShaterbolts\Intermediate\Build\Win64\UE4Editor\Development\UE4Editor-ShieldsNShaterbolts.lib and object C:\Users\Tech\Documents\Unreal Projects\ShieldsNShaterbolts\Intermediate\Build\Win64\UE4Editor\Development\UE4Editor-ShieldsNShaterbolts.exp
     Creating library C:\Users\Tech\Documents\Unreal Projects\ShieldsNShaterbolts\Intermediate\Build\Win64\UE4Editor\Development\UE4Editor-ShieldsNShaterbolts.suppressed.lib and object C:\Users\Tech\Documents\Unreal Projects\ShieldsNShaterbolts\Intermediate\Build\Win64\UE4Editor\Development\UE4Editor-ShieldsNShaterbolts.suppressed.exp
  Deploying ShieldsNShaterboltsEditor Win64 Development...
  Total build time: 101.31 seconds (Local executor: 13.80 seconds)
